2023-05-19 12:05:808 INFO  HomePage :61 - Clicking on Accept Cookies : [[ChromeDriver: chrome on WINDOWS (ad22bf8cd036004c48591dd4711d78d4)] -> xpath: //*[contains(text(),'Accept')]]
2023-05-19 12:05:245 INFO  HomePage :66 - Sending keywords : Tester to [[ChromeDriver: chrome on WINDOWS (ad22bf8cd036004c48591dd4711d78d4)] -> xpath: //input[@id='keywords']]
2023-05-19 12:05:328 INFO  HomePage :71 - Sending Location : Harrow to [[ChromeDriver: chrome on WINDOWS (ad22bf8cd036004c48591dd4711d78d4)] -> xpath: //input[@id='location']]
2023-05-19 12:05:440 INFO  HomePage :76 - Selecting distance : 5 from [[ChromeDriver: chrome on WINDOWS (ad22bf8cd036004c48591dd4711d78d4)] -> xpath: //select[@id='distance']]
2023-05-19 12:05:529 INFO  HomePage :81 - Clicking on More options : [[ChromeDriver: chrome on WINDOWS (ad22bf8cd036004c48591dd4711d78d4)] -> xpath: //button[@id='toggle-hp-search']]
2023-05-19 12:05:682 INFO  HomePage :86 - Sending Min Salary : 30000 to [[ChromeDriver: chrome on WINDOWS (ad22bf8cd036004c48591dd4711d78d4)] -> xpath: //input[@id='salarymin']]
2023-05-19 12:05:764 INFO  HomePage :91 - Sending Max Salary : 500000 to [[ChromeDriver: chrome on WINDOWS (ad22bf8cd036004c48591dd4711d78d4)] -> xpath: //input[@id='salarymax']]
2023-05-19 12:05:831 INFO  HomePage :96 - Selecting Salary Types : annum from [[ChromeDriver: chrome on WINDOWS (ad22bf8cd036004c48591dd4711d78d4)] -> xpath: //select[@id='salarytype']]
2023-05-19 12:05:923 INFO  HomePage :101 - Selecting Job Types : Permanent to [[ChromeDriver: chrome on WINDOWS (ad22bf8cd036004c48591dd4711d78d4)] -> xpath: //select[@id='tempperm']]
2023-05-19 12:05:37 INFO  HomePage :106 - Click on Find Jobs : [[ChromeDriver: chrome on WINDOWS (ad22bf8cd036004c48591dd4711d78d4)] -> xpath: //input[@id='hp-search-btn']]
2023-05-19 12:05:166 INFO  ResultPage :23 - Verifying Results : Permanent Tester jobs in Harrow on the Hill from [[ChromeDriver: chrome on WINDOWS (ad22bf8cd036004c48591dd4711d78d4)] -> xpath: //h1[@class='search-header__title']]
2023-05-19 12:05:282 INFO  HomePage :61 - Clicking on Accept Cookies : [[ChromeDriver: chrome on WINDOWS (643f2ef262b65aea201c6eae9ee3c12c)] -> xpath: //*[contains(text(),'Accept')]]
2023-05-19 12:05:617 INFO  HomePage :66 - Sending keywords : Presser to [[ChromeDriver: chrome on WINDOWS (643f2ef262b65aea201c6eae9ee3c12c)] -> xpath: //input[@id='keywords']]
2023-05-19 12:05:772 INFO  HomePage :71 - Sending Location : London to [[ChromeDriver: chrome on WINDOWS (643f2ef262b65aea201c6eae9ee3c12c)] -> xpath: //input[@id='location']]
2023-05-19 12:05:876 INFO  HomePage :76 - Selecting distance : 25 from [[ChromeDriver: chrome on WINDOWS (643f2ef262b65aea201c6eae9ee3c12c)] -> xpath: //select[@id='distance']]
2023-05-19 12:05:951 INFO  HomePage :81 - Clicking on More options : [[ChromeDriver: chrome on WINDOWS (643f2ef262b65aea201c6eae9ee3c12c)] -> xpath: //button[@id='toggle-hp-search']]
2023-05-19 12:05:128 INFO  HomePage :86 - Sending Min Salary : 15000 to [[ChromeDriver: chrome on WINDOWS (643f2ef262b65aea201c6eae9ee3c12c)] -> xpath: //input[@id='salarymin']]
2023-05-19 12:05:275 INFO  HomePage :91 - Sending Max Salary : 30000 to [[ChromeDriver: chrome on WINDOWS (643f2ef262b65aea201c6eae9ee3c12c)] -> xpath: //input[@id='salarymax']]
2023-05-19 12:05:326 INFO  HomePage :96 - Selecting Salary Types : annum from [[ChromeDriver: chrome on WINDOWS (643f2ef262b65aea201c6eae9ee3c12c)] -> xpath: //select[@id='salarytype']]
2023-05-19 12:05:400 INFO  HomePage :101 - Selecting Job Types : Permanent to [[ChromeDriver: chrome on WINDOWS (643f2ef262b65aea201c6eae9ee3c12c)] -> xpath: //select[@id='tempperm']]
2023-05-19 12:05:500 INFO  HomePage :106 - Click on Find Jobs : [[ChromeDriver: chrome on WINDOWS (643f2ef262b65aea201c6eae9ee3c12c)] -> xpath: //input[@id='hp-search-btn']]
2023-05-19 12:05:606 INFO  ResultPage :23 - Verifying Results : Permanent Presser jobs in London from [[ChromeDriver: chrome on WINDOWS (643f2ef262b65aea201c6eae9ee3c12c)] -> xpath: //h1[@class='search-header__title']]
2023-05-19 12:05:511 INFO  HomePage :61 - Clicking on Accept Cookies : [[ChromeDriver: chrome on WINDOWS (1bbcbd5f4b80633931840b5ce0ed1438)] -> xpath: //*[contains(text(),'Accept')]]
2023-05-19 12:05:38 INFO  HomePage :66 - Sending keywords : Store Manager to [[ChromeDriver: chrome on WINDOWS (1bbcbd5f4b80633931840b5ce0ed1438)] -> xpath: //input[@id='keywords']]
2023-05-19 12:05:213 INFO  HomePage :71 - Sending Location : Northamptonshire to [[ChromeDriver: chrome on WINDOWS (1bbcbd5f4b80633931840b5ce0ed1438)] -> xpath: //input[@id='location']]
2023-05-19 12:05:281 INFO  HomePage :76 - Selecting distance : 15 from [[ChromeDriver: chrome on WINDOWS (1bbcbd5f4b80633931840b5ce0ed1438)] -> xpath: //select[@id='distance']]
2023-05-19 12:05:568 INFO  HomePage :81 - Clicking on More options : [[ChromeDriver: chrome on WINDOWS (1bbcbd5f4b80633931840b5ce0ed1438)] -> xpath: //button[@id='toggle-hp-search']]
2023-05-19 12:05:670 INFO  HomePage :86 - Sending Min Salary : 300 to [[ChromeDriver: chrome on WINDOWS (1bbcbd5f4b80633931840b5ce0ed1438)] -> xpath: //input[@id='salarymin']]
2023-05-19 12:05:772 INFO  HomePage :91 - Sending Max Salary : 60 to [[ChromeDriver: chrome on WINDOWS (1bbcbd5f4b80633931840b5ce0ed1438)] -> xpath: //input[@id='salarymax']]
2023-05-19 12:05:877 INFO  HomePage :96 - Selecting Salary Types : week from [[ChromeDriver: chrome on WINDOWS (1bbcbd5f4b80633931840b5ce0ed1438)] -> xpath: //select[@id='salarytype']]
2023-05-19 12:05:960 INFO  HomePage :101 - Selecting Job Types : Permanent to [[ChromeDriver: chrome on WINDOWS (1bbcbd5f4b80633931840b5ce0ed1438)] -> xpath: //select[@id='tempperm']]
2023-05-19 12:05:52 INFO  HomePage :106 - Click on Find Jobs : [[ChromeDriver: chrome on WINDOWS (1bbcbd5f4b80633931840b5ce0ed1438)] -> xpath: //input[@id='hp-search-btn']]
2023-05-19 12:05:949 INFO  ResultPage :23 - Verifying Results : Permanent Store Manager jobs in Northamptonshire from [[ChromeDriver: chrome on WINDOWS (1bbcbd5f4b80633931840b5ce0ed1438)] -> xpath: //h1[@class='search-header__title']]
2023-05-19 12:05:143 INFO  HomePage :61 - Clicking on Accept Cookies : [[ChromeDriver: chrome on WINDOWS (1f1af3c23771abd801ad95f89399191e)] -> xpath: //*[contains(text(),'Accept')]]
2023-05-19 12:05:530 INFO  HomePage :66 - Sending keywords : It Administrator to [[ChromeDriver: chrome on WINDOWS (1f1af3c23771abd801ad95f89399191e)] -> xpath: //input[@id='keywords']]
2023-05-19 12:05:641 INFO  HomePage :71 - Sending Location : Warwick, Warwickshire to [[ChromeDriver: chrome on WINDOWS (1f1af3c23771abd801ad95f89399191e)] -> xpath: //input[@id='location']]
2023-05-19 12:05:696 INFO  HomePage :76 - Selecting distance : 15 from [[ChromeDriver: chrome on WINDOWS (1f1af3c23771abd801ad95f89399191e)] -> xpath: //select[@id='distance']]
2023-05-19 12:05:792 INFO  HomePage :81 - Clicking on More options : [[ChromeDriver: chrome on WINDOWS (1f1af3c23771abd801ad95f89399191e)] -> xpath: //button[@id='toggle-hp-search']]
2023-05-19 12:05:949 INFO  HomePage :86 - Sending Min Salary : 40000 to [[ChromeDriver: chrome on WINDOWS (1f1af3c23771abd801ad95f89399191e)] -> xpath: //input[@id='salarymin']]
2023-05-19 12:05:120 INFO  HomePage :91 - Sending Max Salary : 80000 to [[ChromeDriver: chrome on WINDOWS (1f1af3c23771abd801ad95f89399191e)] -> xpath: //input[@id='salarymax']]
2023-05-19 12:05:172 INFO  HomePage :96 - Selecting Salary Types : annum from [[ChromeDriver: chrome on WINDOWS (1f1af3c23771abd801ad95f89399191e)] -> xpath: //select[@id='salarytype']]
2023-05-19 12:05:249 INFO  HomePage :101 - Selecting Job Types : Permanent to [[ChromeDriver: chrome on WINDOWS (1f1af3c23771abd801ad95f89399191e)] -> xpath: //select[@id='tempperm']]
2023-05-19 12:05:343 INFO  HomePage :106 - Click on Find Jobs : [[ChromeDriver: chrome on WINDOWS (1f1af3c23771abd801ad95f89399191e)] -> xpath: //input[@id='hp-search-btn']]
2023-05-19 12:05:930 INFO  ResultPage :23 - Verifying Results : Permanent It Administrator jobs in Warwick from [[ChromeDriver: chrome on WINDOWS (1f1af3c23771abd801ad95f89399191e)] -> xpath: //h1[@class='search-header__title']]
2023-05-19 12:05:880 INFO  HomePage :61 - Clicking on Accept Cookies : [[ChromeDriver: chrome on WINDOWS (e44ce08261bc2f1af52811e4c2f11538)] -> xpath: //*[contains(text(),'Accept')]]
2023-05-19 12:05:232 INFO  HomePage :66 - Sending keywords : Network Manager to [[ChromeDriver: chrome on WINDOWS (e44ce08261bc2f1af52811e4c2f11538)] -> xpath: //input[@id='keywords']]
2023-05-19 12:05:390 INFO  HomePage :71 - Sending Location : Reading to [[ChromeDriver: chrome on WINDOWS (e44ce08261bc2f1af52811e4c2f11538)] -> xpath: //input[@id='location']]
2023-05-19 12:05:483 INFO  HomePage :76 - Selecting distance : 7 from [[ChromeDriver: chrome on WINDOWS (e44ce08261bc2f1af52811e4c2f11538)] -> xpath: //select[@id='distance']]
2023-05-19 12:05:559 INFO  HomePage :81 - Clicking on More options : [[ChromeDriver: chrome on WINDOWS (e44ce08261bc2f1af52811e4c2f11538)] -> xpath: //button[@id='toggle-hp-search']]
2023-05-19 12:05:705 INFO  HomePage :86 - Sending Min Salary : 45000 to [[ChromeDriver: chrome on WINDOWS (e44ce08261bc2f1af52811e4c2f11538)] -> xpath: //input[@id='salarymin']]
2023-05-19 12:05:870 INFO  HomePage :91 - Sending Max Salary : 65000 to [[ChromeDriver: chrome on WINDOWS (e44ce08261bc2f1af52811e4c2f11538)] -> xpath: //input[@id='salarymax']]
2023-05-19 12:05:917 INFO  HomePage :96 - Selecting Salary Types : annum from [[ChromeDriver: chrome on WINDOWS (e44ce08261bc2f1af52811e4c2f11538)] -> xpath: //select[@id='salarytype']]
2023-05-19 12:05:986 INFO  HomePage :101 - Selecting Job Types : Permanent to [[ChromeDriver: chrome on WINDOWS (e44ce08261bc2f1af52811e4c2f11538)] -> xpath: //select[@id='tempperm']]
2023-05-19 12:05:84 INFO  HomePage :106 - Click on Find Jobs : [[ChromeDriver: chrome on WINDOWS (e44ce08261bc2f1af52811e4c2f11538)] -> xpath: //input[@id='hp-search-btn']]
2023-05-19 12:05:541 INFO  ResultPage :23 - Verifying Results : Permanent Network Manager jobs in Reading from [[ChromeDriver: chrome on WINDOWS (e44ce08261bc2f1af52811e4c2f11538)] -> xpath: //h1[@class='search-header__title']]
2023-05-19 12:05:353 INFO  HomePage :61 - Clicking on Accept Cookies : [[ChromeDriver: chrome on WINDOWS (4539e7e6a6d5e026f7d05661039c4326)] -> xpath: //*[contains(text(),'Accept')]]
2023-05-19 12:05:579 INFO  HomePage :66 - Sending keywords : Test Analyst to [[ChromeDriver: chrome on WINDOWS (4539e7e6a6d5e026f7d05661039c4326)] -> xpath: //input[@id='keywords']]
2023-05-19 12:05:936 INFO  HomePage :71 - Sending Location : Peterborough to [[ChromeDriver: chrome on WINDOWS (4539e7e6a6d5e026f7d05661039c4326)] -> xpath: //input[@id='location']]
2023-05-19 12:05:995 INFO  HomePage :76 - Selecting distance : 15 from [[ChromeDriver: chrome on WINDOWS (4539e7e6a6d5e026f7d05661039c4326)] -> xpath: //select[@id='distance']]
2023-05-19 12:05:79 INFO  HomePage :81 - Clicking on More options : [[ChromeDriver: chrome on WINDOWS (4539e7e6a6d5e026f7d05661039c4326)] -> xpath: //button[@id='toggle-hp-search']]
2023-05-19 12:05:213 INFO  HomePage :86 - Sending Min Salary : 45000 to [[ChromeDriver: chrome on WINDOWS (4539e7e6a6d5e026f7d05661039c4326)] -> xpath: //input[@id='salarymin']]
2023-05-19 12:05:301 INFO  HomePage :91 - Sending Max Salary : 55000 to [[ChromeDriver: chrome on WINDOWS (4539e7e6a6d5e026f7d05661039c4326)] -> xpath: //input[@id='salarymax']]
2023-05-19 12:05:368 INFO  HomePage :96 - Selecting Salary Types : annum from [[ChromeDriver: chrome on WINDOWS (4539e7e6a6d5e026f7d05661039c4326)] -> xpath: //select[@id='salarytype']]
2023-05-19 12:05:452 INFO  HomePage :101 - Selecting Job Types : Part Time to [[ChromeDriver: chrome on WINDOWS (4539e7e6a6d5e026f7d05661039c4326)] -> xpath: //select[@id='tempperm']]
2023-05-19 12:05:552 INFO  HomePage :106 - Click on Find Jobs : [[ChromeDriver: chrome on WINDOWS (4539e7e6a6d5e026f7d05661039c4326)] -> xpath: //input[@id='hp-search-btn']]
2023-05-19 12:05:78 INFO  ResultPage :23 - Verifying Results : Permanent Test Analyst jobs in Peterborough from [[ChromeDriver: chrome on WINDOWS (4539e7e6a6d5e026f7d05661039c4326)] -> xpath: //h1[@class='search-header__title']]
2023-05-19 12:05:45 INFO  HomePage :61 - Clicking on Accept Cookies : [[ChromeDriver: chrome on WINDOWS (55a08ac15d59ad86986e4453d4a12f29)] -> xpath: //*[contains(text(),'Accept')]]
2023-05-19 12:05:528 INFO  HomePage :66 - Sending keywords : Test Manager to [[ChromeDriver: chrome on WINDOWS (55a08ac15d59ad86986e4453d4a12f29)] -> xpath: //input[@id='keywords']]
2023-05-19 12:05:625 INFO  HomePage :71 - Sending Location : Milton Keynes to [[ChromeDriver: chrome on WINDOWS (55a08ac15d59ad86986e4453d4a12f29)] -> xpath: //input[@id='location']]
2023-05-19 12:05:725 INFO  HomePage :76 - Selecting distance : 10 from [[ChromeDriver: chrome on WINDOWS (55a08ac15d59ad86986e4453d4a12f29)] -> xpath: //select[@id='distance']]
2023-05-19 12:05:799 INFO  HomePage :81 - Clicking on More options : [[ChromeDriver: chrome on WINDOWS (55a08ac15d59ad86986e4453d4a12f29)] -> xpath: //button[@id='toggle-hp-search']]
2023-05-19 12:05:923 INFO  HomePage :86 - Sending Min Salary : 350 to [[ChromeDriver: chrome on WINDOWS (55a08ac15d59ad86986e4453d4a12f29)] -> xpath: //input[@id='salarymin']]
2023-05-19 12:05:05 INFO  HomePage :91 - Sending Max Salary : 700 to [[ChromeDriver: chrome on WINDOWS (55a08ac15d59ad86986e4453d4a12f29)] -> xpath: //input[@id='salarymax']]
2023-05-19 12:05:99 INFO  HomePage :96 - Selecting Salary Types : day from [[ChromeDriver: chrome on WINDOWS (55a08ac15d59ad86986e4453d4a12f29)] -> xpath: //select[@id='salarytype']]
2023-05-19 12:05:172 INFO  HomePage :101 - Selecting Job Types : Permanent to [[ChromeDriver: chrome on WINDOWS (55a08ac15d59ad86986e4453d4a12f29)] -> xpath: //select[@id='tempperm']]
2023-05-19 12:05:275 INFO  HomePage :106 - Click on Find Jobs : [[ChromeDriver: chrome on WINDOWS (55a08ac15d59ad86986e4453d4a12f29)] -> xpath: //input[@id='hp-search-btn']]
2023-05-19 12:05:101 INFO  ResultPage :23 - Verifying Results : Contract Test Manager jobs in Milton Keynes from [[ChromeDriver: chrome on WINDOWS (55a08ac15d59ad86986e4453d4a12f29)] -> xpath: //h1[@class='search-header__title']]
2023-05-19 12:05:129 INFO  HomePage :61 - Clicking on Accept Cookies : [[ChromeDriver: chrome on WINDOWS (7fcf07e6d1cd39cb48f84d469c477b3a)] -> xpath: //*[contains(text(),'Accept')]]
2023-05-19 12:05:608 INFO  HomePage :66 - Sending keywords : Tester to [[ChromeDriver: chrome on WINDOWS (7fcf07e6d1cd39cb48f84d469c477b3a)] -> xpath: //input[@id='keywords']]
2023-05-19 12:05:691 INFO  HomePage :71 - Sending Location : Harrow to [[ChromeDriver: chrome on WINDOWS (7fcf07e6d1cd39cb48f84d469c477b3a)] -> xpath: //input[@id='location']]
2023-05-19 12:05:807 INFO  HomePage :76 - Selecting distance : 5 from [[ChromeDriver: chrome on WINDOWS (7fcf07e6d1cd39cb48f84d469c477b3a)] -> xpath: //select[@id='distance']]
2023-05-19 12:05:910 INFO  HomePage :81 - Clicking on More options : [[ChromeDriver: chrome on WINDOWS (7fcf07e6d1cd39cb48f84d469c477b3a)] -> xpath: //button[@id='toggle-hp-search']]
2023-05-19 12:05:92 INFO  HomePage :86 - Sending Min Salary : 30000 to [[ChromeDriver: chrome on WINDOWS (7fcf07e6d1cd39cb48f84d469c477b3a)] -> xpath: //input[@id='salarymin']]
2023-05-19 12:05:174 INFO  HomePage :91 - Sending Max Salary : 500000 to [[ChromeDriver: chrome on WINDOWS (7fcf07e6d1cd39cb48f84d469c477b3a)] -> xpath: //input[@id='salarymax']]
2023-05-19 12:05:236 INFO  HomePage :96 - Selecting Salary Types : annum from [[ChromeDriver: chrome on WINDOWS (7fcf07e6d1cd39cb48f84d469c477b3a)] -> xpath: //select[@id='salarytype']]
2023-05-19 12:05:342 INFO  HomePage :101 - Selecting Job Types : Permanent to [[ChromeDriver: chrome on WINDOWS (7fcf07e6d1cd39cb48f84d469c477b3a)] -> xpath: //select[@id='tempperm']]
2023-05-19 12:05:453 INFO  HomePage :106 - Click on Find Jobs : [[ChromeDriver: chrome on WINDOWS (7fcf07e6d1cd39cb48f84d469c477b3a)] -> xpath: //input[@id='hp-search-btn']]
2023-05-19 12:05:212 INFO  ResultPage :23 - Verifying Results : Permanent Tester jobs in Harrow on the Hill from [[ChromeDriver: chrome on WINDOWS (7fcf07e6d1cd39cb48f84d469c477b3a)] -> xpath: //h1[@class='search-header__title']]
2023-05-19 12:05:204 INFO  HomePage :61 - Clicking on Accept Cookies : [[ChromeDriver: chrome on WINDOWS (7a45578cb9835752f1200c256f1f8f86)] -> xpath: //*[contains(text(),'Accept')]]
2023-05-19 12:05:698 INFO  HomePage :66 - Sending keywords : Presser to [[ChromeDriver: chrome on WINDOWS (7a45578cb9835752f1200c256f1f8f86)] -> xpath: //input[@id='keywords']]
2023-05-19 12:05:800 INFO  HomePage :71 - Sending Location : London to [[ChromeDriver: chrome on WINDOWS (7a45578cb9835752f1200c256f1f8f86)] -> xpath: //input[@id='location']]
2023-05-19 12:05:904 INFO  HomePage :76 - Selecting distance : 25 from [[ChromeDriver: chrome on WINDOWS (7a45578cb9835752f1200c256f1f8f86)] -> xpath: //select[@id='distance']]
2023-05-19 12:05:982 INFO  HomePage :81 - Clicking on More options : [[ChromeDriver: chrome on WINDOWS (7a45578cb9835752f1200c256f1f8f86)] -> xpath: //button[@id='toggle-hp-search']]
2023-05-19 12:05:171 INFO  HomePage :86 - Sending Min Salary : 15000 to [[ChromeDriver: chrome on WINDOWS (7a45578cb9835752f1200c256f1f8f86)] -> xpath: //input[@id='salarymin']]
2023-05-19 12:05:250 INFO  HomePage :91 - Sending Max Salary : 30000 to [[ChromeDriver: chrome on WINDOWS (7a45578cb9835752f1200c256f1f8f86)] -> xpath: //input[@id='salarymax']]
2023-05-19 12:05:311 INFO  HomePage :96 - Selecting Salary Types : annum from [[ChromeDriver: chrome on WINDOWS (7a45578cb9835752f1200c256f1f8f86)] -> xpath: //select[@id='salarytype']]
2023-05-19 12:05:390 INFO  HomePage :101 - Selecting Job Types : Permanent to [[ChromeDriver: chrome on WINDOWS (7a45578cb9835752f1200c256f1f8f86)] -> xpath: //select[@id='tempperm']]
2023-05-19 12:05:476 INFO  HomePage :106 - Click on Find Jobs : [[ChromeDriver: chrome on WINDOWS (7a45578cb9835752f1200c256f1f8f86)] -> xpath: //input[@id='hp-search-btn']]
2023-05-19 12:05:995 INFO  ResultPage :23 - Verifying Results : Permanent Presser jobs in London from [[ChromeDriver: chrome on WINDOWS (7a45578cb9835752f1200c256f1f8f86)] -> xpath: //h1[@class='search-header__title']]
2023-05-19 12:05:998 INFO  HomePage :61 - Clicking on Accept Cookies : [[ChromeDriver: chrome on WINDOWS (1a78f6f36bd75e6ad1384bb32b16ca23)] -> xpath: //*[contains(text(),'Accept')]]
2023-05-19 12:05:235 INFO  HomePage :66 - Sending keywords : Store Manager to [[ChromeDriver: chrome on WINDOWS (1a78f6f36bd75e6ad1384bb32b16ca23)] -> xpath: //input[@id='keywords']]
2023-05-19 12:05:603 INFO  HomePage :71 - Sending Location : Northamptonshire to [[ChromeDriver: chrome on WINDOWS (1a78f6f36bd75e6ad1384bb32b16ca23)] -> xpath: //input[@id='location']]
2023-05-19 12:05:665 INFO  HomePage :76 - Selecting distance : 15 from [[ChromeDriver: chrome on WINDOWS (1a78f6f36bd75e6ad1384bb32b16ca23)] -> xpath: //select[@id='distance']]
2023-05-19 12:05:758 INFO  HomePage :81 - Clicking on More options : [[ChromeDriver: chrome on WINDOWS (1a78f6f36bd75e6ad1384bb32b16ca23)] -> xpath: //button[@id='toggle-hp-search']]
2023-05-19 12:05:939 INFO  HomePage :86 - Sending Min Salary : 300 to [[ChromeDriver: chrome on WINDOWS (1a78f6f36bd75e6ad1384bb32b16ca23)] -> xpath: //input[@id='salarymin']]
2023-05-19 12:05:57 INFO  HomePage :91 - Sending Max Salary : 60 to [[ChromeDriver: chrome on WINDOWS (1a78f6f36bd75e6ad1384bb32b16ca23)] -> xpath: //input[@id='salarymax']]
2023-05-19 12:05:148 INFO  HomePage :96 - Selecting Salary Types : week from [[ChromeDriver: chrome on WINDOWS (1a78f6f36bd75e6ad1384bb32b16ca23)] -> xpath: //select[@id='salarytype']]
2023-05-19 12:05:221 INFO  HomePage :101 - Selecting Job Types : Permanent to [[ChromeDriver: chrome on WINDOWS (1a78f6f36bd75e6ad1384bb32b16ca23)] -> xpath: //select[@id='tempperm']]
2023-05-19 12:05:316 INFO  HomePage :106 - Click on Find Jobs : [[ChromeDriver: chrome on WINDOWS (1a78f6f36bd75e6ad1384bb32b16ca23)] -> xpath: //input[@id='hp-search-btn']]
2023-05-19 12:05:488 INFO  ResultPage :23 - Verifying Results : Permanent Store Manager jobs in Northamptonshire from [[ChromeDriver: chrome on WINDOWS (1a78f6f36bd75e6ad1384bb32b16ca23)] -> xpath: //h1[@class='search-header__title']]
2023-05-19 12:05:370 INFO  HomePage :61 - Clicking on Accept Cookies : [[ChromeDriver: chrome on WINDOWS (1b804534d1c9bc1a46fea5e4b23835bc)] -> xpath: //*[contains(text(),'Accept')]]
2023-05-19 12:05:884 INFO  HomePage :66 - Sending keywords : It Administrator to [[ChromeDriver: chrome on WINDOWS (1b804534d1c9bc1a46fea5e4b23835bc)] -> xpath: //input[@id='keywords']]
2023-05-19 12:05:08 INFO  HomePage :71 - Sending Location : Warwick, Warwickshire to [[ChromeDriver: chrome on WINDOWS (1b804534d1c9bc1a46fea5e4b23835bc)] -> xpath: //input[@id='location']]
2023-05-19 12:05:68 INFO  HomePage :76 - Selecting distance : 15 from [[ChromeDriver: chrome on WINDOWS (1b804534d1c9bc1a46fea5e4b23835bc)] -> xpath: //select[@id='distance']]
2023-05-19 12:05:155 INFO  HomePage :81 - Clicking on More options : [[ChromeDriver: chrome on WINDOWS (1b804534d1c9bc1a46fea5e4b23835bc)] -> xpath: //button[@id='toggle-hp-search']]
2023-05-19 12:05:308 INFO  HomePage :86 - Sending Min Salary : 40000 to [[ChromeDriver: chrome on WINDOWS (1b804534d1c9bc1a46fea5e4b23835bc)] -> xpath: //input[@id='salarymin']]
2023-05-19 12:05:386 INFO  HomePage :91 - Sending Max Salary : 80000 to [[ChromeDriver: chrome on WINDOWS (1b804534d1c9bc1a46fea5e4b23835bc)] -> xpath: //input[@id='salarymax']]
2023-05-19 12:05:450 INFO  HomePage :96 - Selecting Salary Types : annum from [[ChromeDriver: chrome on WINDOWS (1b804534d1c9bc1a46fea5e4b23835bc)] -> xpath: //select[@id='salarytype']]
2023-05-19 12:05:550 INFO  HomePage :101 - Selecting Job Types : Permanent to [[ChromeDriver: chrome on WINDOWS (1b804534d1c9bc1a46fea5e4b23835bc)] -> xpath: //select[@id='tempperm']]
2023-05-19 12:05:646 INFO  HomePage :106 - Click on Find Jobs : [[ChromeDriver: chrome on WINDOWS (1b804534d1c9bc1a46fea5e4b23835bc)] -> xpath: //input[@id='hp-search-btn']]
2023-05-19 12:05:872 INFO  ResultPage :23 - Verifying Results : Permanent It Administrator jobs in Warwick from [[ChromeDriver: chrome on WINDOWS (1b804534d1c9bc1a46fea5e4b23835bc)] -> xpath: //h1[@class='search-header__title']]
2023-05-19 12:05:836 INFO  HomePage :61 - Clicking on Accept Cookies : [[ChromeDriver: chrome on WINDOWS (a9f567562ea677341ecc778d6b976b37)] -> xpath: //*[contains(text(),'Accept')]]
2023-05-19 12:05:68 INFO  HomePage :66 - Sending keywords : Network Manager to [[ChromeDriver: chrome on WINDOWS (a9f567562ea677341ecc778d6b976b37)] -> xpath: //input[@id='keywords']]
2023-05-19 12:05:404 INFO  HomePage :71 - Sending Location : Reading to [[ChromeDriver: chrome on WINDOWS (a9f567562ea677341ecc778d6b976b37)] -> xpath: //input[@id='location']]
2023-05-19 12:05:505 INFO  HomePage :76 - Selecting distance : 7 from [[ChromeDriver: chrome on WINDOWS (a9f567562ea677341ecc778d6b976b37)] -> xpath: //select[@id='distance']]
2023-05-19 12:05:601 INFO  HomePage :81 - Clicking on More options : [[ChromeDriver: chrome on WINDOWS (a9f567562ea677341ecc778d6b976b37)] -> xpath: //button[@id='toggle-hp-search']]
2023-05-19 12:05:768 INFO  HomePage :86 - Sending Min Salary : 45000 to [[ChromeDriver: chrome on WINDOWS (a9f567562ea677341ecc778d6b976b37)] -> xpath: //input[@id='salarymin']]
2023-05-19 12:05:894 INFO  HomePage :91 - Sending Max Salary : 65000 to [[ChromeDriver: chrome on WINDOWS (a9f567562ea677341ecc778d6b976b37)] -> xpath: //input[@id='salarymax']]
2023-05-19 12:05:944 INFO  HomePage :96 - Selecting Salary Types : annum from [[ChromeDriver: chrome on WINDOWS (a9f567562ea677341ecc778d6b976b37)] -> xpath: //select[@id='salarytype']]
2023-05-19 12:05:25 INFO  HomePage :101 - Selecting Job Types : Permanent to [[ChromeDriver: chrome on WINDOWS (a9f567562ea677341ecc778d6b976b37)] -> xpath: //select[@id='tempperm']]
2023-05-19 12:05:133 INFO  HomePage :106 - Click on Find Jobs : [[ChromeDriver: chrome on WINDOWS (a9f567562ea677341ecc778d6b976b37)] -> xpath: //input[@id='hp-search-btn']]
2023-05-19 12:05:931 INFO  ResultPage :23 - Verifying Results : Permanent Network Manager jobs in Reading from [[ChromeDriver: chrome on WINDOWS (a9f567562ea677341ecc778d6b976b37)] -> xpath: //h1[@class='search-header__title']]
2023-05-19 12:05:913 INFO  HomePage :61 - Clicking on Accept Cookies : [[ChromeDriver: chrome on WINDOWS (e9d9101b6f14cf8fbda49c8b97e7ea97)] -> xpath: //*[contains(text(),'Accept')]]
2023-05-19 12:05:352 INFO  HomePage :66 - Sending keywords : Test Analyst to [[ChromeDriver: chrome on WINDOWS (e9d9101b6f14cf8fbda49c8b97e7ea97)] -> xpath: //input[@id='keywords']]
2023-05-19 12:05:498 INFO  HomePage :71 - Sending Location : Peterborough to [[ChromeDriver: chrome on WINDOWS (e9d9101b6f14cf8fbda49c8b97e7ea97)] -> xpath: //input[@id='location']]
2023-05-19 12:05:565 INFO  HomePage :76 - Selecting distance : 15 from [[ChromeDriver: chrome on WINDOWS (e9d9101b6f14cf8fbda49c8b97e7ea97)] -> xpath: //select[@id='distance']]
2023-05-19 12:05:652 INFO  HomePage :81 - Clicking on More options : [[ChromeDriver: chrome on WINDOWS (e9d9101b6f14cf8fbda49c8b97e7ea97)] -> xpath: //button[@id='toggle-hp-search']]
2023-05-19 12:05:767 INFO  HomePage :86 - Sending Min Salary : 45000 to [[ChromeDriver: chrome on WINDOWS (e9d9101b6f14cf8fbda49c8b97e7ea97)] -> xpath: //input[@id='salarymin']]
2023-05-19 12:05:865 INFO  HomePage :91 - Sending Max Salary : 55000 to [[ChromeDriver: chrome on WINDOWS (e9d9101b6f14cf8fbda49c8b97e7ea97)] -> xpath: //input[@id='salarymax']]
2023-05-19 12:05:935 INFO  HomePage :96 - Selecting Salary Types : annum from [[ChromeDriver: chrome on WINDOWS (e9d9101b6f14cf8fbda49c8b97e7ea97)] -> xpath: //select[@id='salarytype']]
2023-05-19 12:05:29 INFO  HomePage :101 - Selecting Job Types : Part Time to [[ChromeDriver: chrome on WINDOWS (e9d9101b6f14cf8fbda49c8b97e7ea97)] -> xpath: //select[@id='tempperm']]
2023-05-19 12:05:129 INFO  HomePage :106 - Click on Find Jobs : [[ChromeDriver: chrome on WINDOWS (e9d9101b6f14cf8fbda49c8b97e7ea97)] -> xpath: //input[@id='hp-search-btn']]
2023-05-19 12:05:400 INFO  ResultPage :23 - Verifying Results : Permanent Test Analyst jobs in Peterborough from [[ChromeDriver: chrome on WINDOWS (e9d9101b6f14cf8fbda49c8b97e7ea97)] -> xpath: //h1[@class='search-header__title']]
2023-05-19 12:05:491 INFO  HomePage :61 - Clicking on Accept Cookies : [[ChromeDriver: chrome on WINDOWS (c44479bd06ee804ae36a3dbcccfe9f51)] -> xpath: //*[contains(text(),'Accept')]]
2023-05-19 12:05:932 INFO  HomePage :66 - Sending keywords : Test Manager to [[ChromeDriver: chrome on WINDOWS (c44479bd06ee804ae36a3dbcccfe9f51)] -> xpath: //input[@id='keywords']]
2023-05-19 12:05:14 INFO  HomePage :71 - Sending Location : Milton Keynes to [[ChromeDriver: chrome on WINDOWS (c44479bd06ee804ae36a3dbcccfe9f51)] -> xpath: //input[@id='location']]
2023-05-19 12:05:130 INFO  HomePage :76 - Selecting distance : 10 from [[ChromeDriver: chrome on WINDOWS (c44479bd06ee804ae36a3dbcccfe9f51)] -> xpath: //select[@id='distance']]
2023-05-19 12:05:235 INFO  HomePage :81 - Clicking on More options : [[ChromeDriver: chrome on WINDOWS (c44479bd06ee804ae36a3dbcccfe9f51)] -> xpath: //button[@id='toggle-hp-search']]
2023-05-19 12:05:366 INFO  HomePage :86 - Sending Min Salary : 350 to [[ChromeDriver: chrome on WINDOWS (c44479bd06ee804ae36a3dbcccfe9f51)] -> xpath: //input[@id='salarymin']]
2023-05-19 12:05:435 INFO  HomePage :91 - Sending Max Salary : 700 to [[ChromeDriver: chrome on WINDOWS (c44479bd06ee804ae36a3dbcccfe9f51)] -> xpath: //input[@id='salarymax']]
2023-05-19 12:05:521 INFO  HomePage :96 - Selecting Salary Types : day from [[ChromeDriver: chrome on WINDOWS (c44479bd06ee804ae36a3dbcccfe9f51)] -> xpath: //select[@id='salarytype']]
2023-05-19 12:05:597 INFO  HomePage :101 - Selecting Job Types : Permanent to [[ChromeDriver: chrome on WINDOWS (c44479bd06ee804ae36a3dbcccfe9f51)] -> xpath: //select[@id='tempperm']]
2023-05-19 12:05:695 INFO  HomePage :106 - Click on Find Jobs : [[ChromeDriver: chrome on WINDOWS (c44479bd06ee804ae36a3dbcccfe9f51)] -> xpath: //input[@id='hp-search-btn']]
2023-05-19 12:05:584 INFO  ResultPage :23 - Verifying Results : Contract Test Manager jobs in Milton Keynes from [[ChromeDriver: chrome on WINDOWS (c44479bd06ee804ae36a3dbcccfe9f51)] -> xpath: //h1[@class='search-header__title']]
